Arguments: 
  /home/alexandre/.nvm/versions/node/v18.16.0/bin/node /home/alexandre/.nvm/versions/node/v18.16.0/bin/yarn add express

PATH: 
  /home/alexandre/perl5/bin:/home/alexandre/perl5/bin:/home/alexandre/.nvm/versions/node/v18.16.0/bin:/usr/local/sbin:/usr/local/bin:/usr/sbin:/usr/bin:/sbin:/bin:/usr/games:/usr/local/games:/snap/bin:/snap/bin:/usr/local/go/bin:/usr/local/go/bin

Yarn version: 
  1.22.19

Node version: 
  18.16.0

Platform: 
  linux x64

Trace: 
  Error: https://registry.yarnpkg.com/express: ETIMEDOUT
      at Timeout._onTimeout (/home/alexandre/.nvm/versions/node/v18.16.0/lib/node_modules/yarn/lib/cli.js:141550:19)
      at listOnTimeout (node:internal/timers:569:17)
      at process.processTimers (node:internal/timers:512:7)

npm manifest: 
  {
    "name": "02-node-express-container",
    "version": "1.0.0",
    "main": "index.js",
    "license": "MIT"
  }

yarn manifest: 
  No manifest

Lockfile: 
  No lockfile
